<?xml version="1.0" encoding="UTF-8"?>
<testng-results ignored="0" total="2" passed="2" failed="0" skipped="0">
  <reporter-output>
  </reporter-output>
  <suite started-at="2024-10-25T13:03:39 IST" name="Default suite" finished-at="2024-10-25T13:03:39 IST" duration-ms="99">
    <groups>
    </groups>
    <test started-at="2024-10-25T13:03:39 IST" name="Default test" finished-at="2024-10-25T13:03:39 IST" duration-ms="99">
      <class name="MarksCalculatorTest">
        <test-method signature="testAverage()[pri:0, instance:MarksCalculatorTest@13e39c73]" started-at="2024-10-25T13:03:39 IST" name="testAverage" finished-at="2024-10-25T13:03:39 IST" duration-ms="22" status="PASS">
          <reporter-output>
          </reporter-output>
        </test-method> <!-- testAverage -->
        <test-method signature="testGrade()[pri:0, instance:MarksCalculatorTest@13e39c73]" started-at="2024-10-25T13:03:39 IST" name="testGrade" finished-at="2024-10-25T13:03:39 IST" duration-ms="7" status="PASS">
          <reporter-output>
          </reporter-output>
        </test-method> <!-- testGrade -->
      </class> <!-- MarksCalculatorTest -->
    </test> <!-- Default test -->
  </suite> <!-- Default suite -->
</testng-results>
